<?xml version="1.0" encoding="UTF-8"?>
<!-- Generated by org.testng.reporters.JUnitReportReporter -->
<testsuite skipped="0" hostname="EPINHYDW0274" name="com.epam.AmazonPageTask.TestFunction" tests="3" failures="0" timestamp="03 Dec 2019 09:38:38 GMT" time="34.923" errors="0">
  <testcase name="Scenario1Test" time="19.876" classname="com.epam.AmazonPageTask.TestFunction"/>
  <testcase name="Scenario2Test" time="10.590" classname="com.epam.AmazonPageTask.TestFunction"/>
  <testcase name="Scenario4Test" time="4.457" classname="com.epam.AmazonPageTask.TestFunction"/>
</testsuite> <!-- com.epam.AmazonPageTask.TestFunction -->
